Analysis & Synthesis report for one_chip_computer
Fri Oct 08 18:57:01 2021
Quartus II 64-Bit Version 13.0.1 Build 232 06/12/2013 Service Pack 1 SJ Web Edition


---------------------
; Table of Contents ;
---------------------
  1. Legal Notice
  2. Analysis & Synthesis Summary
  3. Analysis & Synthesis Settings
  4. Parallel Compilation
  5. Analysis & Synthesis Source Files Read
  6. Analysis & Synthesis Resource Usage Summary
  7. Analysis & Synthesis Resource Utilization by Entity
  8. Analysis & Synthesis RAM Summary
  9. Analysis & Synthesis IP Cores Summary
 10. Registers Removed During Synthesis
 11. General Register Statistics
 12. Inverted Register Statistics
 13. Multiplexer Restructuring Statistics (Restructuring Performed)
 14. Source assignments for memory:memory_inst|altsyncram:altsyncram_component|altsyncram_mvc1:auto_generated
 15. Parameter Settings for User Entity Instance: clock_divider:clock_divider_inst
 16. Parameter Settings for User Entity Instance: monster_cpu:cpu_inst
 17. Parameter Settings for User Entity Instance: monster_cpu:cpu_inst|datapath:DATAPATH
 18. Parameter Settings for User Entity Instance: monster_cpu:cpu_inst|datapath:DATAPATH|register_file:REGISTER_FILE
 19. Parameter Settings for User Entity Instance: monster_cpu:cpu_inst|datapath:DATAPATH|alu:ALU
 20. Parameter Settings for User Entity Instance: gpio:gpio_inst
 21. Parameter Settings for User Entity Instance: memory:memory_inst|altsyncram:altsyncram_component
 22. altsyncram Parameter Settings by Entity Instance
 23. Port Connectivity Checks: "gpio:gpio_inst"
 24. Port Connectivity Checks: "monster_cpu:cpu_inst|datapath:DATAPATH"
 25. Port Connectivity Checks: "monster_cpu:cpu_inst"
 26. Elapsed Time Per Partition
 27. Analysis & Synthesis Messages



----------------
; Legal Notice ;
----------------
Copyright (C) 1991-2013 Altera Corporation
Your use of Altera Corporation's design tools, logic functions 
and other software and tools, and its AMPP partner logic 
functions, and any output files from any of the foregoing 
(including device programming or simulation files), and any 
associated documentation or information are expressly subject 
to the terms and conditions of the Altera Program License 
Subscription Agreement, Altera MegaCore Function License 
Agreement, or other applicable license agreement, including, 
without limitation, that your use is for the sole purpose of 
programming logic devices manufactured by Altera and sold by 
Altera or its authorized distributors.  Please refer to the 
applicable agreement for further details.



+--------------------------------------------------------------------------------------+
; Analysis & Synthesis Summary                                                         ;
+------------------------------------+-------------------------------------------------+
; Analysis & Synthesis Status        ; Successful - Fri Oct 08 18:57:01 2021           ;
; Quartus II 64-Bit Version          ; 13.0.1 Build 232 06/12/2013 SP 1 SJ Web Edition ;
; Revision Name                      ; one_chip_computer                               ;
; Top-level Entity Name              ; one_chip_computer                               ;
; Family                             ; Cyclone II                                      ;
; Total logic elements               ; 637                                             ;
;     Total combinational functions  ; 472                                             ;
;     Dedicated logic registers      ; 257                                             ;
; Total registers                    ; 257                                             ;
; Total pins                         ; 22                                              ;
; Total virtual pins                 ; 0                                               ;
; Total memory bits                  ; 4,096                                           ;
; Embedded Multiplier 9-bit elements ; 0                                               ;
; Total PLLs                         ; 0                                               ;
+------------------------------------+-------------------------------------------------+


+----------------------------------------------------------------------------------------------------------------------+
; Analysis & Synthesis Settings                                                                                        ;
+----------------------------------------------------------------------------+--------------------+--------------------+
; Option                                                                     ; Setting            ; Default Value      ;
+----------------------------------------------------------------------------+--------------------+--------------------+
; Device                                                                     ; EP2C35F672C6       ;                    ;
; Top-level entity name                                                      ; one_chip_computer  ; one_chip_computer  ;
; Family name                                                                ; Cyclone II         ; Cyclone IV GX      ;
; Use smart compilation                                                      ; Off                ; Off                ;
; Enable parallel Assembler and TimeQuest Timing Analyzer during compilation ; On                 ; On                 ;
; Enable compact report table                                                ; Off                ; Off                ;
; Restructure Multiplexers                                                   ; Auto               ; Auto               ;
; Create Debugging Nodes for IP Cores                                        ; Off                ; Off                ;
; Preserve fewer node names                                                  ; On                 ; On                 ;
; Disable OpenCore Plus hardware evaluation                                  ; Off                ; Off                ;
; Verilog Version                                                            ; Verilog_2001       ; Verilog_2001       ;
; VHDL Version                                                               ; VHDL_1993          ; VHDL_1993          ;
; State Machine Processing                                                   ; Auto               ; Auto               ;
; Safe State Machine                                                         ; Off                ; Off                ;
; Extract Verilog State Machines                                             ; On                 ; On                 ;
; Extract VHDL State Machines                                                ; On                 ; On                 ;
; Ignore Verilog initial constructs                                          ; Off                ; Off                ;
; Iteration limit for constant Verilog loops                                 ; 5000               ; 5000               ;
; Iteration limit for non-constant Verilog loops                             ; 250                ; 250                ;
; Add Pass-Through Logic to Inferred RAMs                                    ; On                 ; On                 ;
; Infer RAMs from Raw Logic                                                  ; On                 ; On                 ;
; Parallel Synthesis                                                         ; On                 ; On                 ;
; DSP Block Balancing                                                        ; Auto               ; Auto               ;
; NOT Gate Push-Back                                                         ; On                 ; On                 ;
; Power-Up Don't Care                                                        ; On                 ; On                 ;
; Remove Redundant Logic Cells                                               ; Off                ; Off                ;
; Remove Duplicate Registers                                                 ; On                 ; On                 ;
; Ignore CARRY Buffers                                                       ; Off                ; Off                ;
; Ignore CASCADE Buffers                                                     ; Off                ; Off                ;
; Ignore GLOBAL Buffers                                                      ; Off                ; Off                ;
; Ignore ROW GLOBAL Buffers                                                  ; Off                ; Off                ;
; Ignore LCELL Buffers                                                       ; Off                ; Off                ;
; Ignore SOFT Buffers                                                        ; On                 ; On                 ;
; Limit AHDL Integers to 32 Bits                                             ; Off                ; Off                ;
; Optimization Technique                                                     ; Balanced           ; Balanced           ;
; Carry Chain Length                                                         ; 70                 ; 70                 ;
; Auto Carry Chains                                                          ; On                 ; On                 ;
; Auto Open-Drain Pins                                                       ; On                 ; On                 ;
; Perform WYSIWYG Primitive Resynthesis                                      ; Off                ; Off                ;
; Auto ROM Replacement                                                       ; On                 ; On                 ;
; Auto RAM Replacement                                                       ; On                 ; On                 ;
; Auto Shift Register Replacement                                            ; Auto               ; Auto               ;
; Allow Shift Register Merging across Hierarchies                            ; Auto               ; Auto               ;
; Auto Clock Enable Replacement                                              ; On                 ; On                 ;
; Strict RAM Replacement                                                     ; Off                ; Off                ;
; Allow Synchronous Control Signals                                          ; On                 ; On                 ;
; Force Use of Synchronous Clear Signals                                     ; Off                ; Off                ;
; Auto RAM to Logic Cell Conversion                                          ; Off                ; Off                ;
; Auto Resource Sharing                                                      ; Off                ; Off                ;
; Allow Any RAM Size For Recognition                                         ; Off                ; Off                ;
; Allow Any ROM Size For Recognition                                         ; Off                ; Off                ;
; Allow Any Shift Register Size For Recognition                              ; Off                ; Off                ;
; Use LogicLock Constraints during Resource Balancing                        ; On                 ; On                 ;
; Ignore translate_off and synthesis_off directives                          ; Off                ; Off                ;
; Timing-Driven Synthesis                                                    ; Off                ; Off                ;
; Report Parameter Settings                                                  ; On                 ; On                 ;
; Report Source Assignments                                                  ; On                 ; On                 ;
; Report Connectivity Checks                                                 ; On                 ; On                 ;
; Ignore Maximum Fan-Out Assignments                                         ; Off                ; Off                ;
; Synchronization Register Chain Length                                      ; 2                  ; 2                  ;
; PowerPlay Power Optimization                                               ; Normal compilation ; Normal compilation ;
; HDL message level                                                          ; Level2             ; Level2             ;
; Suppress Register Optimization Related Messages                            ; Off                ; Off                ;
; Number of Removed Registers Reported in Synthesis Report                   ; 5000               ; 5000               ;
; Number of Swept Nodes Reported in Synthesis Report                         ; 5000               ; 5000               ;
; Number of Inverted Registers Reported in Synthesis Report                  ; 100                ; 100                ;
; Clock MUX Protection                                                       ; On                 ; On                 ;
; Auto Gated Clock Conversion                                                ; Off                ; Off                ;
; Block Design Naming                                                        ; Auto               ; Auto               ;
; SDC constraint protection                                                  ; Off                ; Off                ;
; Synthesis Effort                                                           ; Auto               ; Auto               ;
; Shift Register Replacement - Allow Asynchronous Clear Signal               ; On                 ; On                 ;
; Pre-Mapping Resynthesis Optimization                                       ; Off                ; Off                ;
; Analysis & Synthesis Message Level                                         ; Medium             ; Medium             ;
; Disable Register Merging Across Hierarchies                                ; Auto               ; Auto               ;
; Resource Aware Inference For Block RAM                                     ; On                 ; On                 ;
; Synthesis Seed                                                             ; 1                  ; 1                  ;
+----------------------------------------------------------------------------+--------------------+--------------------+


Parallel compilation was disabled, but you have multiple processors available. Enable parallel compilation to reduce compilation time.
+-------------------------------------+
; Parallel Compilation                ;
+----------------------------+--------+
; Processors                 ; Number ;
+----------------------------+--------+
; Number detected on machine ; 8      ;
; Maximum allowed            ; 1      ;
+----------------------------+--------+


+---------------------------------------------------------------------------------------------------------------------------------------------------------------------------------------+
; Analysis & Synthesis Source Files Read                                                                                                                                                ;
+----------------------------------+-----------------+----------------------------------------+-------------------------------------------------------------------------------+---------+
; File Name with User-Entered Path ; Used in Netlist ; File Type                              ; File Name with Absolute Path                                                  ; Library ;
+----------------------------------+-----------------+----------------------------------------+-------------------------------------------------------------------------------+---------+
; ../clock_divider.vhd             ; yes             ; User VHDL File                         ; D:/University/KTH/IL2203/Lab3/clock_divider.vhd                               ;         ;
; ../gpio.vhd                      ; yes             ; User VHDL File                         ; D:/University/KTH/IL2203/Lab3/gpio.vhd                                        ;         ;
; ../one_chip_computer.vhd         ; yes             ; User VHDL File                         ; D:/University/KTH/IL2203/Lab3/one_chip_computer.vhd                           ;         ;
; ../register_file.vhd             ; yes             ; User VHDL File                         ; D:/University/KTH/IL2203/Lab3/register_file.vhd                               ;         ;
; ../micro_assembly_code.vhd       ; yes             ; User VHDL File                         ; D:/University/KTH/IL2203/Lab3/micro_assembly_code.vhd                         ;         ;
; ../datapath.vhd                  ; yes             ; User VHDL File                         ; D:/University/KTH/IL2203/Lab3/datapath.vhd                                    ;         ;
; ../cpu.vhd                       ; yes             ; User VHDL File                         ; D:/University/KTH/IL2203/Lab3/cpu.vhd                                         ;         ;
; ../alu.vhd                       ; yes             ; User VHDL File                         ; D:/University/KTH/IL2203/Lab3/alu.vhd                                         ;         ;
; memory.vhd                       ; yes             ; User Wizard-Generated File             ; D:/University/KTH/IL2203/Lab3/FPGA_Synthesis/memory.vhd                       ;         ;
; altsyncram.tdf                   ; yes             ; Megafunction                           ; d:/software/altera/13.1/quartus/libraries/megafunctions/altsyncram.tdf        ;         ;
; stratix_ram_block.inc            ; yes             ; Megafunction                           ; d:/software/altera/13.1/quartus/libraries/megafunctions/stratix_ram_block.inc ;         ;
; lpm_mux.inc                      ; yes             ; Megafunction                           ; d:/software/altera/13.1/quartus/libraries/megafunctions/lpm_mux.inc           ;         ;
; lpm_decode.inc                   ; yes             ; Megafunction                           ; d:/software/altera/13.1/quartus/libraries/megafunctions/lpm_decode.inc        ;         ;
; aglobal130.inc                   ; yes             ; Megafunction                           ; d:/software/altera/13.1/quartus/libraries/megafunctions/aglobal130.inc        ;         ;
; a_rdenreg.inc                    ; yes             ; Megafunction                           ; d:/software/altera/13.1/quartus/libraries/megafunctions/a_rdenreg.inc         ;         ;
; altrom.inc                       ; yes             ; Megafunction                           ; d:/software/altera/13.1/quartus/libraries/megafunctions/altrom.inc            ;         ;
; altram.inc                       ; yes             ; Megafunction                           ; d:/software/altera/13.1/quartus/libraries/megafunctions/altram.inc            ;         ;
; altdpram.inc                     ; yes             ; Megafunction                           ; d:/software/altera/13.1/quartus/libraries/megafunctions/altdpram.inc          ;         ;
; db/altsyncram_mvc1.tdf           ; yes             ; Auto-Generated Megafunction            ; D:/University/KTH/IL2203/Lab3/FPGA_Synthesis/db/altsyncram_mvc1.tdf           ;         ;
; memory.mif                       ; yes             ; Auto-Found Memory Initialization File  ; D:/University/KTH/IL2203/Lab3/FPGA_Synthesis/memory.mif                       ;         ;
+----------------------------------+-----------------+----------------------------------------+-------------------------------------------------------------------------------+---------+


+-----------------------------------------------------+
; Analysis & Synthesis Resource Usage Summary         ;
+---------------------------------------------+-------+
; Resource                                    ; Usage ;
+---------------------------------------------+-------+
; Estimated Total logic elements              ; 637   ;
;                                             ;       ;
; Total combinational functions               ; 472   ;
; Logic element usage by number of LUT inputs ;       ;
;     -- 4 input functions                    ; 316   ;
;     -- 3 input functions                    ; 108   ;
;     -- <=2 input functions                  ; 48    ;
;                                             ;       ;
; Logic elements by mode                      ;       ;
;     -- normal mode                          ; 425   ;
;     -- arithmetic mode                      ; 47    ;
;                                             ;       ;
; Total registers                             ; 257   ;
;     -- Dedicated logic registers            ; 257   ;
;     -- I/O registers                        ; 0     ;
;                                             ;       ;
; I/O pins                                    ; 22    ;
; Total memory bits                           ; 4096  ;
; Embedded Multiplier 9-bit elements          ; 0     ;
; Maximum fan-out node                        ; reset ;
; Maximum fan-out                             ; 257   ;
; Total fan-out                               ; 2881  ;
; Average fan-out                             ; 3.76  ;
+---------------------------------------------+-------+


+-----------------------------------------------------------------------------------------------------------------------------------------------------------------------------------------------------------------------------------------------------------------------------+
; Analysis & Synthesis Resource Utilization by Entity                                                                                                                                                                                                                         ;
+-------------------------------------------+-------------------+--------------+-------------+--------------+---------+-----------+------+--------------+------------------------------------------------------------------------------------------------------+--------------+
; Compilation Hierarchy Node                ; LC Combinationals ; LC Registers ; Memory Bits ; DSP Elements ; DSP 9x9 ; DSP 18x18 ; Pins ; Virtual Pins ; Full Hierarchy Name                                                                                  ; Library Name ;
+-------------------------------------------+-------------------+--------------+-------------+--------------+---------+-----------+------+--------------+------------------------------------------------------------------------------------------------------+--------------+
; |one_chip_computer                        ; 472 (9)           ; 257 (0)      ; 4096        ; 0            ; 0       ; 0         ; 22   ; 0            ; |one_chip_computer                                                                                   ; work         ;
;    |clock_divider:clock_divider_inst|     ; 49 (49)           ; 33 (33)      ; 0           ; 0            ; 0       ; 0         ; 0    ; 0            ; |one_chip_computer|clock_divider:clock_divider_inst                                                  ; work         ;
;    |gpio:gpio_inst|                       ; 0 (0)             ; 16 (16)      ; 0           ; 0            ; 0       ; 0         ; 0    ; 0            ; |one_chip_computer|gpio:gpio_inst                                                                    ; work         ;
;    |memory:memory_inst|                   ; 0 (0)             ; 0 (0)        ; 4096        ; 0            ; 0       ; 0         ; 0    ; 0            ; |one_chip_computer|memory:memory_inst                                                                ; work         ;
;       |altsyncram:altsyncram_component|   ; 0 (0)             ; 0 (0)        ; 4096        ; 0            ; 0       ; 0         ; 0    ; 0            ; |one_chip_computer|memory:memory_inst|altsyncram:altsyncram_component                                ; work         ;
;          |altsyncram_mvc1:auto_generated| ; 0 (0)             ; 0 (0)        ; 4096        ; 0            ; 0       ; 0         ; 0    ; 0            ; |one_chip_computer|memory:memory_inst|altsyncram:altsyncram_component|altsyncram_mvc1:auto_generated ; work         ;
;    |monster_cpu:cpu_inst|                 ; 414 (95)          ; 208 (80)     ; 0           ; 0            ; 0       ; 0         ; 0    ; 0            ; |one_chip_computer|monster_cpu:cpu_inst                                                              ; work         ;
;       |datapath:DATAPATH|                 ; 319 (215)         ; 128 (0)      ; 0           ; 0            ; 0       ; 0         ; 0    ; 0            ; |one_chip_computer|monster_cpu:cpu_inst|datapath:DATAPATH                                            ; work         ;
;          |alu:ALU|                        ; 96 (96)           ; 0 (0)        ; 0           ; 0            ; 0       ; 0         ; 0    ; 0            ; |one_chip_computer|monster_cpu:cpu_inst|datapath:DATAPATH|alu:ALU                                    ; work         ;
;          |register_file:REGISTER_FILE|    ; 8 (8)             ; 128 (128)    ; 0           ; 0            ; 0       ; 0         ; 0    ; 0            ; |one_chip_computer|monster_cpu:cpu_inst|datapath:DATAPATH|register_file:REGISTER_FILE                ; work         ;
+-------------------------------------------+-------------------+--------------+-------------+--------------+---------+-----------+------+--------------+------------------------------------------------------------------------------------------------------+--------------+
Note: For table entries with two numbers listed, the numbers in parentheses indicate the number of resources of the given type used by the specific entity alone. The numbers listed outside of parentheses indicate the total resources of the given type used by the specific entity and all of its sub-entities in the hierarchy.


+---------------------------------------------------------------------------------------------------------------------------------------------------------------------------------------------------+
; Analysis & Synthesis RAM Summary                                                                                                                                                                  ;
+----------------------------------------------------------------------------------------------+------+-------------+--------------+--------------+--------------+--------------+------+------------+
; Name                                                                                         ; Type ; Mode        ; Port A Depth ; Port A Width ; Port B Depth ; Port B Width ; Size ; MIF        ;
+----------------------------------------------------------------------------------------------+------+-------------+--------------+--------------+--------------+--------------+------+------------+
; memory:memory_inst|altsyncram:altsyncram_component|altsyncram_mvc1:auto_generated|ALTSYNCRAM ; AUTO ; Single Port ; 256          ; 16           ; --           ; --           ; 4096 ; memory.mif ;
+----------------------------------------------------------------------------------------------+------+-------------+--------------+--------------+--------------+--------------+------+------------+


+-----------------------------------------------------------------------------------------------------------------------------------------------------------------+
; Analysis & Synthesis IP Cores Summary                                                                                                                           ;
+--------+--------------+---------+--------------+--------------+---------------------------------------+---------------------------------------------------------+
; Vendor ; IP Core Name ; Version ; Release Date ; License Type ; Entity Instance                       ; IP Include File                                         ;
+--------+--------------+---------+--------------+--------------+---------------------------------------+---------------------------------------------------------+
; Altera ; RAM: 1-PORT  ; 13.0    ; N/A          ; N/A          ; |one_chip_computer|memory:memory_inst ; D:/University/KTH/IL2203/Lab3/FPGA_Synthesis/memory.vhd ;
+--------+--------------+---------+--------------+--------------+---------------------------------------+---------------------------------------------------------+


+------------------------------------------------------------+
; Registers Removed During Synthesis                         ;
+---------------------------------------+--------------------+
; Register name                         ; Reason for Removal ;
+---------------------------------------+--------------------+
; monster_cpu:cpu_inst|oe               ; Lost fanout        ;
; Total Number of Removed Registers = 1 ;                    ;
+---------------------------------------+--------------------+


+------------------------------------------------------+
; General Register Statistics                          ;
+----------------------------------------------+-------+
; Statistic                                    ; Value ;
+----------------------------------------------+-------+
; Total registers                              ; 257   ;
; Number of registers using Synchronous Clear  ; 8     ;
; Number of registers using Synchronous Load   ; 5     ;
; Number of registers using Asynchronous Clear ; 257   ;
; Number of registers using Asynchronous Load  ; 0     ;
; Number of registers using Clock Enable       ; 219   ;
; Number of registers using Preset             ; 0     ;
+----------------------------------------------+-------+


+--------------------------------------------------+
; Inverted Register Statistics                     ;
+----------------------------------------+---------+
; Inverted Register                      ; Fan out ;
+----------------------------------------+---------+
; monster_cpu:cpu_inst|RW                ; 2       ;
; monster_cpu:cpu_inst|upc[2]            ; 22      ;
; Total number of inverted registers = 2 ;         ;
+----------------------------------------+---------+


+----------------------------------------------------------------------------------------------------------------------------------------------------------------------------------------+
; Multiplexer Restructuring Statistics (Restructuring Performed)                                                                                                                         ;
+--------------------+-----------+---------------+----------------------+------------------------+------------+--------------------------------------------------------------------------+
; Multiplexer Inputs ; Bus Width ; Baseline Area ; Area if Restructured ; Saving if Restructured ; Registered ; Example Multiplexer Output                                               ;
+--------------------+-----------+---------------+----------------------+------------------------+------------+--------------------------------------------------------------------------+
; 3:1                ; 16 bits   ; 32 LEs        ; 0 LEs                ; 32 LEs                 ; Yes        ; |one_chip_computer|monster_cpu:cpu_inst|Dout[15]                         ;
; 20:1               ; 3 bits    ; 39 LEs        ; 0 LEs                ; 39 LEs                 ; Yes        ; |one_chip_computer|monster_cpu:cpu_inst|offset[0]                        ;
; 15:1               ; 6 bits    ; 60 LEs        ; 0 LEs                ; 60 LEs                 ; Yes        ; |one_chip_computer|monster_cpu:cpu_inst|offset[4]                        ;
; 15:1               ; 3 bits    ; 30 LEs        ; 3 LEs                ; 27 LEs                 ; Yes        ; |one_chip_computer|monster_cpu:cpu_inst|offset[11]                       ;
; 18:1               ; 3 bits    ; 36 LEs        ; 12 LEs               ; 24 LEs                 ; Yes        ; |one_chip_computer|monster_cpu:cpu_inst|ra[0]                            ;
; 19:1               ; 3 bits    ; 36 LEs        ; 3 LEs                ; 33 LEs                 ; Yes        ; |one_chip_computer|monster_cpu:cpu_inst|rb[2]                            ;
; 29:1               ; 2 bits    ; 38 LEs        ; 6 LEs                ; 32 LEs                 ; Yes        ; |one_chip_computer|monster_cpu:cpu_inst|Op[1]                            ;
; 39:1               ; 2 bits    ; 52 LEs        ; 10 LEs               ; 42 LEs                 ; Yes        ; |one_chip_computer|monster_cpu:cpu_inst|readA                            ;
; 18:1               ; 16 bits   ; 192 LEs       ; 0 LEs                ; 192 LEs                ; Yes        ; |one_chip_computer|monster_cpu:cpu_inst|address[13]                      ;
; 30:1               ; 3 bits    ; 60 LEs        ; 12 LEs               ; 48 LEs                 ; Yes        ; |one_chip_computer|monster_cpu:cpu_inst|WAddr[2]                         ;
; 3:1                ; 16 bits   ; 32 LEs        ; 0 LEs                ; 32 LEs                 ; No         ; |one_chip_computer|monster_cpu:cpu_inst|datapath:DATAPATH|alu:ALU|Add0   ;
; 3:1                ; 16 bits   ; 32 LEs        ; 32 LEs               ; 0 LEs                  ; No         ; |one_chip_computer|monster_cpu:cpu_inst|datapath:DATAPATH|alu:ALU|Add0   ;
; 9:1                ; 16 bits   ; 96 LEs        ; 64 LEs               ; 32 LEs                 ; No         ; |one_chip_computer|monster_cpu:cpu_inst|datapath:DATAPATH|alu:ALU|Sum[5] ;
; 10:1               ; 16 bits   ; 96 LEs        ; 96 LEs               ; 0 LEs                  ; No         ; |one_chip_computer|monster_cpu:cpu_inst|datapath:DATAPATH|muxA_output[0] ;
; 10:1               ; 16 bits   ; 96 LEs        ; 96 LEs               ; 0 LEs                  ; No         ; |one_chip_computer|monster_cpu:cpu_inst|datapath:DATAPATH|muxB_output[0] ;
+--------------------+-----------+---------------+----------------------+------------------------+------------+--------------------------------------------------------------------------+


+----------------------------------------------------------------------------------------------------------+
; Source assignments for memory:memory_inst|altsyncram:altsyncram_component|altsyncram_mvc1:auto_generated ;
+---------------------------------+--------------------+------+--------------------------------------------+
; Assignment                      ; Value              ; From ; To                                         ;
+---------------------------------+--------------------+------+--------------------------------------------+
; OPTIMIZE_POWER_DURING_SYNTHESIS ; NORMAL_COMPILATION ; -    ; -                                          ;
+---------------------------------+--------------------+------+--------------------------------------------+


+-------------------------------------------------------------------------------+
; Parameter Settings for User Entity Instance: clock_divider:clock_divider_inst ;
+----------------+-------+------------------------------------------------------+
; Parameter Name ; Value ; Type                                                 ;
+----------------+-------+------------------------------------------------------+
; frequency      ; 20000 ; Signed Integer                                       ;
+----------------+-------+------------------------------------------------------+
Note: In order to hide this table in the UI and the text report file, please set the "Show Parameter Settings in Synthesis Report" option in "Analysis and Synthesis Settings -> More Settings" to "Off".


+-------------------------------------------------------------------+
; Parameter Settings for User Entity Instance: monster_cpu:cpu_inst ;
+----------------+-------+------------------------------------------+
; Parameter Name ; Value ; Type                                     ;
+----------------+-------+------------------------------------------+
; n              ; 16    ; Signed Integer                           ;
; m              ; 3     ; Signed Integer                           ;
+----------------+-------+------------------------------------------+
Note: In order to hide this table in the UI and the text report file, please set the "Show Parameter Settings in Synthesis Report" option in "Analysis and Synthesis Settings -> More Settings" to "Off".


+-------------------------------------------------------------------------------------+
; Parameter Settings for User Entity Instance: monster_cpu:cpu_inst|datapath:DATAPATH ;
+----------------+-------+------------------------------------------------------------+
; Parameter Name ; Value ; Type                                                       ;
+----------------+-------+------------------------------------------------------------+
; n              ; 16    ; Signed Integer                                             ;
; m              ; 3     ; Signed Integer                                             ;
+----------------+-------+------------------------------------------------------------+
Note: In order to hide this table in the UI and the text report file, please set the "Show Parameter Settings in Synthesis Report" option in "Analysis and Synthesis Settings -> More Settings" to "Off".


+-----------------------------------------------------------------------------------------------------------------+
; Parameter Settings for User Entity Instance: monster_cpu:cpu_inst|datapath:DATAPATH|register_file:REGISTER_FILE ;
+----------------+-------+----------------------------------------------------------------------------------------+
; Parameter Name ; Value ; Type                                                                                   ;
+----------------+-------+----------------------------------------------------------------------------------------+
; n              ; 16    ; Signed Integer                                                                         ;
; m              ; 3     ; Signed Integer                                                                         ;
+----------------+-------+----------------------------------------------------------------------------------------+
Note: In order to hide this table in the UI and the text report file, please set the "Show Parameter Settings in Synthesis Report" option in "Analysis and Synthesis Settings -> More Settings" to "Off".


+---------------------------------------------------------------------------------------------+
; Parameter Settings for User Entity Instance: monster_cpu:cpu_inst|datapath:DATAPATH|alu:ALU ;
+----------------+-------+--------------------------------------------------------------------+
; Parameter Name ; Value ; Type                                                               ;
+----------------+-------+--------------------------------------------------------------------+
; n              ; 16    ; Signed Integer                                                     ;
+----------------+-------+--------------------------------------------------------------------+
Note: In order to hide this table in the UI and the text report file, please set the "Show Parameter Settings in Synthesis Report" option in "Analysis and Synthesis Settings -> More Settings" to "Off".


+-------------------------------------------------------------+
; Parameter Settings for User Entity Instance: gpio:gpio_inst ;
+----------------+-------+------------------------------------+
; Parameter Name ; Value ; Type                               ;
+----------------+-------+------------------------------------+
; n              ; 16    ; Signed Integer                     ;
+----------------+-------+------------------------------------+
Note: In order to hide this table in the UI and the text report file, please set the "Show Parameter Settings in Synthesis Report" option in "Analysis and Synthesis Settings -> More Settings" to "Off".


+-------------------------------------------------------------------------------------------------+
; Parameter Settings for User Entity Instance: memory:memory_inst|altsyncram:altsyncram_component ;
+------------------------------------+----------------------+-------------------------------------+
; Parameter Name                     ; Value                ; Type                                ;
+------------------------------------+----------------------+-------------------------------------+
; BYTE_SIZE_BLOCK                    ; 8                    ; Untyped                             ;
; AUTO_CARRY_CHAINS                  ; ON                   ; AUTO_CARRY                          ;
; IGNORE_CARRY_BUFFERS               ; OFF                  ; IGNORE_CARRY                        ;
; AUTO_CASCADE_CHAINS                ; ON                   ; AUTO_CASCADE                        ;
; IGNORE_CASCADE_BUFFERS             ; OFF                  ; IGNORE_CASCADE                      ;
; WIDTH_BYTEENA                      ; 1                    ; Untyped                             ;
; OPERATION_MODE                     ; SINGLE_PORT          ; Untyped                             ;
; WIDTH_A                            ; 16                   ; Signed Integer                      ;
; WIDTHAD_A                          ; 8                    ; Signed Integer                      ;
; NUMWORDS_A                         ; 256                  ; Signed Integer                      ;
; OUTDATA_REG_A                      ; UNREGISTERED         ; Untyped                             ;
; ADDRESS_ACLR_A                     ; NONE                 ; Untyped                             ;
; OUTDATA_ACLR_A                     ; NONE                 ; Untyped                             ;
; WRCONTROL_ACLR_A                   ; NONE                 ; Untyped                             ;
; INDATA_ACLR_A                      ; NONE                 ; Untyped                             ;
; BYTEENA_ACLR_A                     ; NONE                 ; Untyped                             ;
; WIDTH_B                            ; 1                    ; Untyped                             ;
; WIDTHAD_B                          ; 1                    ; Untyped                             ;
; NUMWORDS_B                         ; 1                    ; Untyped                             ;
; INDATA_REG_B                       ; CLOCK1               ; Untyped                             ;
; WRCONTROL_WRADDRESS_REG_B          ; CLOCK1               ; Untyped                             ;
; RDCONTROL_REG_B                    ; CLOCK1               ; Untyped                             ;
; ADDRESS_REG_B                      ; CLOCK1               ; Untyped                             ;
; OUTDATA_REG_B                      ; UNREGISTERED         ; Untyped                             ;
; BYTEENA_REG_B                      ; CLOCK1               ; Untyped                             ;
; INDATA_ACLR_B                      ; NONE                 ; Untyped                             ;
; WRCONTROL_ACLR_B                   ; NONE                 ; Untyped                             ;
; ADDRESS_ACLR_B                     ; NONE                 ; Untyped                             ;
; OUTDATA_ACLR_B                     ; NONE                 ; Untyped                             ;
; RDCONTROL_ACLR_B                   ; NONE                 ; Untyped                             ;
; BYTEENA_ACLR_B                     ; NONE                 ; Untyped                             ;
; WIDTH_BYTEENA_A                    ; 1                    ; Signed Integer                      ;
; WIDTH_BYTEENA_B                    ; 1                    ; Untyped                             ;
; RAM_BLOCK_TYPE                     ; AUTO                 ; Untyped                             ;
; BYTE_SIZE                          ; 8                    ; Untyped                             ;
; READ_DURING_WRITE_MODE_MIXED_PORTS ; DONT_CARE            ; Untyped                             ;
; READ_DURING_WRITE_MODE_PORT_A      ; NEW_DATA_NO_NBE_READ ; Untyped                             ;
; READ_DURING_WRITE_MODE_PORT_B      ; NEW_DATA_NO_NBE_READ ; Untyped                             ;
; INIT_FILE                          ; memory.mif           ; Untyped                             ;
; INIT_FILE_LAYOUT                   ; PORT_A               ; Untyped                             ;
; MAXIMUM_DEPTH                      ; 0                    ; Untyped                             ;
; CLOCK_ENABLE_INPUT_A               ; BYPASS               ; Untyped                             ;
; CLOCK_ENABLE_INPUT_B               ; NORMAL               ; Untyped                             ;
; CLOCK_ENABLE_OUTPUT_A              ; BYPASS               ; Untyped                             ;
; CLOCK_ENABLE_OUTPUT_B              ; NORMAL               ; Untyped                             ;
; CLOCK_ENABLE_CORE_A                ; USE_INPUT_CLKEN      ; Untyped                             ;
; CLOCK_ENABLE_CORE_B                ; USE_INPUT_CLKEN      ; Untyped                             ;
; ENABLE_ECC                         ; FALSE                ; Untyped                             ;
; ECC_PIPELINE_STAGE_ENABLED         ; FALSE                ; Untyped                             ;
; WIDTH_ECCSTATUS                    ; 3                    ; Untyped                             ;
; DEVICE_FAMILY                      ; Cyclone II           ; Untyped                             ;
; CBXI_PARAMETER                     ; altsyncram_mvc1      ; Untyped                             ;
+------------------------------------+----------------------+-------------------------------------+
Note: In order to hide this table in the UI and the text report file, please set the "Show Parameter Settings in Synthesis Report" option in "Analysis and Synthesis Settings -> More Settings" to "Off".


+------------------------------------------------------------------------------------------------+
; altsyncram Parameter Settings by Entity Instance                                               ;
+-------------------------------------------+----------------------------------------------------+
; Name                                      ; Value                                              ;
+-------------------------------------------+----------------------------------------------------+
; Number of entity instances                ; 1                                                  ;
; Entity Instance                           ; memory:memory_inst|altsyncram:altsyncram_component ;
;     -- OPERATION_MODE                     ; SINGLE_PORT                                        ;
;     -- WIDTH_A                            ; 16                                                 ;
;     -- NUMWORDS_A                         ; 256                                                ;
;     -- OUTDATA_REG_A                      ; UNREGISTERED                                       ;
;     -- WIDTH_B                            ; 1                                                  ;
;     -- NUMWORDS_B                         ; 1                                                  ;
;     -- ADDRESS_REG_B                      ; CLOCK1                                             ;
;     -- OUTDATA_REG_B                      ; UNREGISTERED                                       ;
;     -- RAM_BLOCK_TYPE                     ; AUTO                                               ;
;     -- READ_DURING_WRITE_MODE_MIXED_PORTS ; DONT_CARE                                          ;
+-------------------------------------------+----------------------------------------------------+


+--------------------------------------------+
; Port Connectivity Checks: "gpio:gpio_inst" ;
+------+-------+----------+------------------+
; Port ; Type  ; Severity ; Details          ;
+------+-------+----------+------------------+
; oe   ; Input ; Info     ; Stuck at VCC     ;
+------+-------+----------+------------------+


+-------------------------------------------------------------------------------------------------------------------+
; Port Connectivity Checks: "monster_cpu:cpu_inst|datapath:DATAPATH"                                                ;
+---------+--------+----------+-------------------------------------------------------------------------------------+
; Port    ; Type   ; Severity ; Details                                                                             ;
+---------+--------+----------+-------------------------------------------------------------------------------------+
; clk_out ; Output ; Info     ; Connected to dangling logic. Logic that only feeds a dangling port will be removed. ;
+---------+--------+----------+-------------------------------------------------------------------------------------+


+--------------------------------------------------------------------------------------------------------------------+
; Port Connectivity Checks: "monster_cpu:cpu_inst"                                                                   ;
+----------+--------+----------+-------------------------------------------------------------------------------------+
; Port     ; Type   ; Severity ; Details                                                                             ;
+----------+--------+----------+-------------------------------------------------------------------------------------+
; test_alu ; Output ; Info     ; Connected to dangling logic. Logic that only feeds a dangling port will be removed. ;
+----------+--------+----------+-------------------------------------------------------------------------------------+


+-------------------------------+
; Elapsed Time Per Partition    ;
+----------------+--------------+
; Partition Name ; Elapsed Time ;
+----------------+--------------+
; Top            ; 00:00:01     ;
+----------------+--------------+


+-------------------------------+
; Analysis & Synthesis Messages ;
+-------------------------------+
Info: *******************************************************************
Info: Running Quartus II 64-Bit Analysis & Synthesis
    Info: Version 13.0.1 Build 232 06/12/2013 Service Pack 1 SJ Web Edition
    Info: Processing started: Fri Oct 08 18:56:59 2021
Info: Command: quartus_map --read_settings_files=on --write_settings_files=off Lab4 -c one_chip_computer
Warning (20028): Parallel compilation is not licensed and has been disabled
Info (12021): Found 2 design units, including 1 entities, in source file /university/kth/il2203/lab3/clock_divider.vhd
    Info (12022): Found design unit 1: clock_divider-behave
    Info (12023): Found entity 1: clock_divider
Info (12021): Found 2 design units, including 1 entities, in source file /university/kth/il2203/lab3/gpio.vhd
    Info (12022): Found design unit 1: gpio-behave
    Info (12023): Found entity 1: gpio
Info (12021): Found 2 design units, including 1 entities, in source file /university/kth/il2203/lab3/one_chip_computer.vhd
    Info (12022): Found design unit 1: one_chip_computer-top
    Info (12023): Found entity 1: one_chip_computer
Info (12021): Found 2 design units, including 1 entities, in source file /university/kth/il2203/lab3/register_file.vhd
    Info (12022): Found design unit 1: register_file-behave
    Info (12023): Found entity 1: register_file
Info (12021): Found 1 design units, including 0 entities, in source file /university/kth/il2203/lab3/micro_assembly_code.vhd
    Info (12022): Found design unit 1: micro_assembly_code
Info (12021): Found 2 design units, including 1 entities, in source file /university/kth/il2203/lab3/datapath.vhd
    Info (12022): Found design unit 1: datapath-behave
    Info (12023): Found entity 1: datapath
Info (12021): Found 2 design units, including 1 entities, in source file /university/kth/il2203/lab3/cpu.vhd
    Info (12022): Found design unit 1: monster_cpu-behave
    Info (12023): Found entity 1: monster_cpu
Info (12021): Found 2 design units, including 1 entities, in source file /university/kth/il2203/lab3/alu.vhd
    Info (12022): Found design unit 1: alu-behave
    Info (12023): Found entity 1: alu
Info (12021): Found 2 design units, including 1 entities, in source file memory.vhd
    Info (12022): Found design unit 1: memory-SYN
    Info (12023): Found entity 1: memory
Info (12127): Elaborating entity "one_chip_computer" for the top level hierarchy
Info (12129): Elaborating entity "clock_divider" using architecture "A:behave" for hierarchy "clock_divider:clock_divider_inst"
Info (12129): Elaborating entity "monster_cpu" using architecture "A:behave" for hierarchy "monster_cpu:cpu_inst"
Warning (10036): Verilog HDL or VHDL warning at cpu.vhd(37): object "clk_out" assigned a value but never read
Info (12129): Elaborating entity "datapath" using architecture "A:behave" for hierarchy "monster_cpu:cpu_inst|datapath:DATAPATH"
Info (12129): Elaborating entity "register_file" using architecture "A:behave" for hierarchy "monster_cpu:cpu_inst|datapath:DATAPATH|register_file:REGISTER_FILE"
Info (12129): Elaborating entity "alu" using architecture "A:behave" for hierarchy "monster_cpu:cpu_inst|datapath:DATAPATH|alu:ALU"
Info (12129): Elaborating entity "gpio" using architecture "A:behave" for hierarchy "gpio:gpio_inst"
Warning (10492): VHDL Process Statement warning at gpio.vhd(22): signal "ie" is read inside the Process Statement but isn't in the Process Statement's sensitivity list
Info (12129): Elaborating entity "memory" using architecture "A:syn" for hierarchy "memory:memory_inst"
Info (12128): Elaborating entity "altsyncram" for hierarchy "memory:memory_inst|altsyncram:altsyncram_component"
Info (12130): Elaborated megafunction instantiation "memory:memory_inst|altsyncram:altsyncram_component"
Info (12133): Instantiated megafunction "memory:memory_inst|altsyncram:altsyncram_component" with the following parameter:
    Info (12134): Parameter "clock_enable_input_a" = "BYPASS"
    Info (12134): Parameter "clock_enable_output_a" = "BYPASS"
    Info (12134): Parameter "init_file" = "memory.mif"
    Info (12134): Parameter "intended_device_family" = "Cyclone II"
    Info (12134): Parameter "lpm_hint" = "ENABLE_RUNTIME_MOD=NO"
    Info (12134): Parameter "lpm_type" = "altsyncram"
    Info (12134): Parameter "numwords_a" = "256"
    Info (12134): Parameter "operation_mode" = "SINGLE_PORT"
    Info (12134): Parameter "outdata_aclr_a" = "NONE"
    Info (12134): Parameter "outdata_reg_a" = "UNREGISTERED"
    Info (12134): Parameter "power_up_uninitialized" = "FALSE"
    Info (12134): Parameter "widthad_a" = "8"
    Info (12134): Parameter "width_a" = "16"
    Info (12134): Parameter "width_byteena_a" = "1"
Info (12021): Found 1 design units, including 1 entities, in source file db/altsyncram_mvc1.tdf
    Info (12023): Found entity 1: altsyncram_mvc1
Info (12128): Elaborating entity "altsyncram_mvc1" for hierarchy "memory:memory_inst|altsyncram:altsyncram_component|altsyncram_mvc1:auto_generated"
Warning (13046): Tri-state node(s) do not directly drive top-level pin(s)
    Warning (13049): Converted tri-state buffer "monster_cpu:cpu_inst|datapath:DATAPATH|output[0]" feeding internal logic into a wire
    Warning (13049): Converted tri-state buffer "monster_cpu:cpu_inst|datapath:DATAPATH|output[1]" feeding internal logic into a wire
    Warning (13049): Converted tri-state buffer "monster_cpu:cpu_inst|datapath:DATAPATH|output[2]" feeding internal logic into a wire
    Warning (13049): Converted tri-state buffer "monster_cpu:cpu_inst|datapath:DATAPATH|output[3]" feeding internal logic into a wire
    Warning (13049): Converted tri-state buffer "monster_cpu:cpu_inst|datapath:DATAPATH|output[4]" feeding internal logic into a wire
    Warning (13049): Converted tri-state buffer "monster_cpu:cpu_inst|datapath:DATAPATH|output[5]" feeding internal logic into a wire
    Warning (13049): Converted tri-state buffer "monster_cpu:cpu_inst|datapath:DATAPATH|output[6]" feeding internal logic into a wire
    Warning (13049): Converted tri-state buffer "monster_cpu:cpu_inst|datapath:DATAPATH|output[7]" feeding internal logic into a wire
    Warning (13049): Converted tri-state buffer "monster_cpu:cpu_inst|datapath:DATAPATH|output[8]" feeding internal logic into a wire
    Warning (13049): Converted tri-state buffer "monster_cpu:cpu_inst|datapath:DATAPATH|output[9]" feeding internal logic into a wire
    Warning (13049): Converted tri-state buffer "monster_cpu:cpu_inst|datapath:DATAPATH|output[10]" feeding internal logic into a wire
    Warning (13049): Converted tri-state buffer "monster_cpu:cpu_inst|datapath:DATAPATH|output[11]" feeding internal logic into a wire
    Warning (13049): Converted tri-state buffer "monster_cpu:cpu_inst|datapath:DATAPATH|output[12]" feeding internal logic into a wire
    Warning (13049): Converted tri-state buffer "monster_cpu:cpu_inst|datapath:DATAPATH|output[13]" feeding internal logic into a wire
    Warning (13049): Converted tri-state buffer "monster_cpu:cpu_inst|datapath:DATAPATH|output[14]" feeding internal logic into a wire
    Warning (13049): Converted tri-state buffer "monster_cpu:cpu_inst|datapath:DATAPATH|output[15]" feeding internal logic into a wire
Info (13000): Registers with preset signals will power-up high
Info (13003): DEV_CLRn pin will set, and not reset, register with preset signal due to NOT Gate Push-Back
Info (17049): 1 registers lost all their fanouts during netlist optimizations.
Info (16010): Generating hard_block partition "hard_block:auto_generated_inst"
    Info (16011): Adding 0 node(s), including 0 DDIO, 0 PLL, 0 transceiver and 0 LCELL
Info (21057): Implemented 707 device resources after synthesis - the final resource count might be different
    Info (21058): Implemented 2 input pins
    Info (21059): Implemented 20 output pins
    Info (21061): Implemented 669 logic cells
    Info (21064): Implemented 16 RAM segments
Info: Quartus II 64-Bit Analysis & Synthesis was successful. 0 errors, 20 warnings
    Info: Peak virtual memory: 4658 megabytes
    Info: Processing ended: Fri Oct 08 18:57:01 2021
    Info: Elapsed time: 00:00:02
    Info: Total CPU time (on all processors): 00:00:03


